<?xml version="1.0" encoding="UTF-8"?>
<!DOCTYPE suite SYSTEM "https://testng.org/testng-1.0.dtd">
<suite name="Suite">
  <test thread-count="5" name="test ng ignore demo">
    <classes>
      <class name="ignoreTests.IgnoreDemo"/>
    </classes>
  </test> <!-- test ng ignore demo -->
</suite> <!-- Suite -->
