<?xml version="1.0" encoding="UTF-8"?>
<!-- Generated by org.testng.reporters.JUnitReportReporter -->
<testsuite hostname="DESKTOP-OMGM4HM" name="grouping.GroupingTests" tests="4" failures="0" timestamp="3 May 2020 11:46:05 GMT" time="0.004" errors="0">
  <testcase name="testFour" time="0.004" classname="grouping.GroupingTests"/>
  <testcase name="testThree" time="0.000" classname="grouping.GroupingTests"/>
  <testcase name="testTwo" time="0.000" classname="grouping.GroupingTests"/>
  <testcase name="testOne" time="0.000" classname="grouping.GroupingTests"/>
</testsuite> <!-- grouping.GroupingTests -->
