<?xml version="1.0" encoding="UTF-8"?>
<!-- Generated by org.testng.reporters.JUnitReportReporter -->
<testsuite hostname="DESKTOP-OMGM4HM" name="test.Google" tests="1" failures="0" timestamp="2 May 2020 14:19:28 GMT" time="5.942" errors="0">
  <testcase name="searchAndEnter" time="5.942" classname="test.Google"/>
</testsuite> <!-- test.Google -->
