<?xml version="1.0" encoding="UTF-8"?>
<!-- Generated by org.testng.reporters.JUnitReportReporter -->
<testsuite hostname="DESKTOP-OMGM4HM" name="dependencies.Dependencies" tests="5" failures="0" timestamp="3 May 2020 07:56:21 GMT" time="0.010" errors="0">
  <testcase name="testGroupTwo" time="0.000" classname="dependencies.Dependencies"/>
  <testcase name="testGroupOne" time="0.008" classname="dependencies.Dependencies"/>
  <testcase name="testTwo" time="0.000" classname="dependencies.Dependencies"/>
  <testcase name="testThree" time="0.001" classname="dependencies.Dependencies"/>
  <testcase name="testOne" time="0.001" classname="dependencies.Dependencies"/>
</testsuite> <!-- dependencies.Dependencies -->
