<?xml version="1.0" encoding="UTF-8"?>
<!-- Generated by org.testng.reporters.JUnitReportReporter -->
<testsuite hostname="DESKTOP-OMGM4HM" name="utils.ExcelDataProvider" tests="3" failures="0" timestamp="2 May 2020 18:34:01 GMT" time="20.823" errors="0">
  <testcase name="login" time="3.355" classname="utils.ExcelDataProvider"/>
  <testcase name="login" time="13.877" classname="utils.ExcelDataProvider"/>
  <testcase name="login" time="3.591" classname="utils.ExcelDataProvider"/>
</testsuite> <!-- utils.ExcelDataProvider -->
