<?xml version="1.0" encoding="UTF-8"?>
<!-- Generated by org.testng.reporters.JUnitReportReporter -->
<testsuite hostname="DESKTOP-OMGM4HM" name="katalonRecorder.LoginLogout" tests="1" failures="0" timestamp="3 May 2020 09:13:00 GMT" time="44.777" errors="0">
  <testcase name="testLoginLogout" time="44.777" classname="katalonRecorder.LoginLogout"/>
</testsuite> <!-- katalonRecorder.LoginLogout -->
