<?xml version="1.0" encoding="UTF-8"?>
<!-- Generated by org.testng.reporters.JUnitReportReporter -->
<testsuite hostname="DESKTOP-OMGM4HM" name="parameters.ParametersTestNg" tests="3" failures="0" timestamp="3 May 2020 11:37:18 GMT" time="0.008" errors="0">
  <testcase name="testFullName" time="0.007" classname="parameters.ParametersTestNg"/>
  <testcase name="testNameWithBrackets" time="0.000" classname="parameters.ParametersTestNg"/>
  <testcase name="testName" time="0.001" classname="parameters.ParametersTestNg"/>
</testsuite> <!-- parameters.ParametersTestNg -->
