<?xml version="1.0" encoding="UTF-8"?>
<!-- Generated by org.testng.reporters.JUnitReportReporter -->
<testsuite hostname="DESKTOP-OMGM4HM" name="priorities.TestNgPriorityTest" tests="3" failures="0" timestamp="3 May 2020 06:41:40 GMT" time="0.010" errors="0">
  <testcase name="test1" time="0.008" classname="priorities.TestNgPriorityTest"/>
  <testcase name="test2" time="0.001" classname="priorities.TestNgPriorityTest"/>
  <testcase name="test3" time="0.001" classname="priorities.TestNgPriorityTest"/>
</testsuite> <!-- priorities.TestNgPriorityTest -->
