<?xml version="1.0" encoding="UTF-8"?>
<!-- Generated by org.testng.reporters.JUnitReportReporter -->
<testsuite hostname="DESKTOP-OMGM4HM" name="listeners.TestTheTestNgListenterNext" tests="3" failures="0" timestamp="2 May 2020 19:10:30 GMT" time="0.008" errors="0">
  <testcase name="testNumber5" time="0.001" classname="listeners.TestTheTestNgListenterNext"/>
  <testcase name="testNumber6" time="0.000" classname="listeners.TestTheTestNgListenterNext"/>
  <testcase name="testNumber4" time="0.007" classname="listeners.TestTheTestNgListenterNext"/>
</testsuite> <!-- listeners.TestTheTestNgListenterNext -->
