<?xml version="1.0" encoding="UTF-8"?>
<!-- Generated by org.testng.reporters.JUnitReportReporter -->
<testsuite hostname="DESKTOP-OMGM4HM" name="ignoreTests.IgnoreDemo" tests="2" failures="0" timestamp="3 May 2020 08:07:46 GMT" time="0.008" errors="0">
  <testcase name="testOne" time="0.008" classname="ignoreTests.IgnoreDemo"/>
  <testcase name="testTwo" time="0.000" classname="ignoreTests.IgnoreDemo"/>
</testsuite> <!-- ignoreTests.IgnoreDemo -->
